[{"line":24,"elements":[{"line":26,"name":"Given User navigates to LoginPage","description":"","type":"background","keyword":"Background","steps":[]},{"start_timestamp":"2025-04-23T00:58:37.338Z","before":[{"result":{"duration":4845795500,"status":"passed"},"match":{"location":"step_definitions.Login.loginSetup()"}}],"line":36,"name":"Login with valid credentials","description":"","id":"testing-login-functionality-of-tutorialsninja-application;login-with-valid-credentials;;2","after":[{"result":{"duration":141000800,"status":"passed"},"match":{"location":"step_definitions.Login.teardown()"}}],"type":"scenario","keyword":"Scenario Outline","steps":[{"result":{"duration":66455100,"status":"passed"},"line":30,"name":"User enters valid email seleniumpanda@gmail.com into email textBox","match":{"arguments":[{"val":"seleniumpanda@gmail.com","offset":24}],"location":"step_definitions.Login.user_enters_valid_email(java.lang.String)"},"keyword":"When "},{"result":{"duration":48026400,"status":"passed"},"line":31,"name":"User enters valid password Selenium@123 into password textBox","match":{"arguments":[{"val":"Selenium@123","offset":27}],"location":"step_definitions.Login.user_enters_valid_password(java.lang.String)"},"keyword":"And "},{"result":{"duration":50039100,"status":"passed"},"line":32,"name":"User clicks on Login button","match":{"location":"step_definitions.Login.user_clicks_on_login_button()"},"keyword":"And "},{"result":{"duration":1229385000,"status":"passed"},"line":33,"name":"User is re-directed to AccountPage","match":{"location":"step_definitions.Login.user_is_redirected_to_accountPage()"},"keyword":"Then "}],"tags":[{"name":"@LoginFunctionality"},{"name":"@ValidCredentials"}]},{"line":26,"name":"Given User navigates to LoginPage","description":"","type":"background","keyword":"Background","steps":[]},{"start_timestamp":"2025-04-23T00:58:43.729Z","before":[{"result":{"duration":3876129200,"status":"passed"},"match":{"location":"step_definitions.Login.loginSetup()"}}],"line":37,"name":"Login with valid credentials","description":"","id":"testing-login-functionality-of-tutorialsninja-application;login-with-valid-credentials;;3","after":[{"result":{"duration":129882800,"status":"passed"},"match":{"location":"step_definitions.Login.teardown()"}}],"type":"scenario","keyword":"Scenario Outline","steps":[{"result":{"duration":73526000,"status":"passed"},"line":30,"name":"User enters valid email seleniumpanda1@gmail.com into email textBox","match":{"arguments":[{"val":"seleniumpanda1@gmail.com","offset":24}],"location":"step_definitions.Login.user_enters_valid_email(java.lang.String)"},"keyword":"When "},{"result":{"duration":52335800,"status":"passed"},"line":31,"name":"User enters valid password Selenium@123 into password textBox","match":{"arguments":[{"val":"Selenium@123","offset":27}],"location":"step_definitions.Login.user_enters_valid_password(java.lang.String)"},"keyword":"And "},{"result":{"duration":42943800,"status":"passed"},"line":32,"name":"User clicks on Login button","match":{"location":"step_definitions.Login.user_clicks_on_login_button()"},"keyword":"And "},{"result":{"error_message":"org.openqa.selenium.NoSuchElementException: no such element: Unable to locate element: {\"method\":\"link text\",\"selector\":\"Logout\"}\n  (Session info: chrome=135.0.7049.96)\nFor documentation on this error, please visit: https://www.selenium.dev/documentation/webdriver/troubleshooting/errors#no-such-element-exception\nBuild info: version: '4.31.0', revision: '1ef9f18787*'\nSystem info: os.name: 'Windows 11', os.arch: 'amd64', os.version: '10.0', java.version: '17.0.4.1'\nDriver info: org.openqa.selenium.chrome.ChromeDriver\nCommand: [b5056c76ae23ddc6c3e27e2fd30de6ae, findElement {using=link text, value=Logout}]\nCapabilities {acceptInsecureCerts: false, browserName: chrome, browserVersion: 135.0.7049.96, chrome: {chromedriverVersion: 135.0.7049.97 (b41307079c9b..., userDataDir: C:\\Users\\autom\\AppData\\Loca...}, fedcm:accounts: true, goog:chromeOptions: {debuggerAddress: localhost:19251}, networkConnectionEnabled: false, pageLoadStrategy: normal, platformName: windows, proxy: Proxy(), se:cdp: ws://localhost:19251/devtoo..., se:cdpVersion: 135.0.7049.96, setWindowRect: true, strictFileInteractability: false, timeouts: {implicit: 0, pageLoad: 300000, script: 30000}, unhandledPromptBehavior: dismiss and notify, webauthn:extension:credBlob: true, webauthn:extension:largeBlob: true, webauthn:extension:minPinLength: true, webauthn:extension:prf: true, webauthn:virtualAuthenticators: true}\nSession ID: b5056c76ae23ddc6c3e27e2fd30de6ae\r\n\tat java.base/jdk.internal.reflect.NativeConstructorAccessorImpl.newInstance0(Native Method)\r\n\tat java.base/jdk.internal.reflect.NativeConstructorAccessorImpl.newInstance(NativeConstructorAccessorImpl.java:77)\r\n\tat java.base/jdk.internal.reflect.DelegatingConstructorAccessorImpl.newInstance(DelegatingConstructorAccessorImpl.java:45)\r\n\tat java.base/java.lang.reflect.Constructor.newInstanceWithCaller(Constructor.java:499)\r\n\tat java.base/java.lang.reflect.Constructor.newInstance(Constructor.java:480)\r\n\tat org.openqa.selenium.remote.ErrorCodec.decode(ErrorCodec.java:167)\r\n\tat org.openqa.selenium.remote.codec.w3c.W3CHttpResponseCodec.decode(W3CHttpResponseCodec.java:138)\r\n\tat org.openqa.selenium.remote.codec.w3c.W3CHttpResponseCodec.decode(W3CHttpResponseCodec.java:50)\r\n\tat org.openqa.selenium.remote.HttpCommandExecutor.execute(HttpCommandExecutor.java:215)\r\n\tat org.openqa.selenium.remote.service.DriverCommandExecutor.invokeExecute(DriverCommandExecutor.java:216)\r\n\tat org.openqa.selenium.remote.service.DriverCommandExecutor.execute(DriverCommandExecutor.java:174)\r\n\tat org.openqa.selenium.remote.RemoteWebDriver.execute(RemoteWebDriver.java:545)\r\n\tat org.openqa.selenium.remote.ElementLocation$ElementFinder$2.findElement(ElementLocation.java:165)\r\n\tat org.openqa.selenium.remote.ElementLocation.findElement(ElementLocation.java:59)\r\n\tat org.openqa.selenium.remote.RemoteWebDriver.findElement(RemoteWebDriver.java:368)\r\n\tat org.openqa.selenium.remote.RemoteWebDriver.findElement(RemoteWebDriver.java:362)\r\n\tat step_definitions.Login.user_is_redirected_to_accountPage(Login.java:57)\r\n\tat ✽.User is re-directed to AccountPage(file:///C:/Users/autom/eclipse-workspace/BDD_CUCUMBER_LEARNING_PnT_Jan_May_2025/src/test/resources/feature_files/Login.feature:33)\r\n","duration":906954800,"status":"failed"},"line":33,"name":"User is re-directed to AccountPage","match":{"location":"step_definitions.Login.user_is_redirected_to_accountPage()"},"keyword":"Then "}],"tags":[{"name":"@LoginFunctionality"},{"name":"@ValidCredentials"}]},{"line":26,"name":"Given User navigates to LoginPage","description":"","type":"background","keyword":"Background","steps":[]},{"start_timestamp":"2025-04-23T00:58:48.822Z","before":[{"result":{"duration":4660763100,"status":"passed"},"match":{"location":"step_definitions.Login.loginSetup()"}}],"line":38,"name":"Login with valid credentials","description":"","id":"testing-login-functionality-of-tutorialsninja-application;login-with-valid-credentials;;4","after":[{"result":{"duration":127832300,"status":"passed"},"match":{"location":"step_definitions.Login.teardown()"}}],"type":"scenario","keyword":"Scenario Outline","steps":[{"result":{"duration":67811100,"status":"passed"},"line":30,"name":"User enters valid email seleniumpanda2@gmail.com into email textBox","match":{"arguments":[{"val":"seleniumpanda2@gmail.com","offset":24}],"location":"step_definitions.Login.user_enters_valid_email(java.lang.String)"},"keyword":"When "},{"result":{"duration":53302800,"status":"passed"},"line":31,"name":"User enters valid password Selenium@123 into password textBox","match":{"arguments":[{"val":"Selenium@123","offset":27}],"location":"step_definitions.Login.user_enters_valid_password(java.lang.String)"},"keyword":"And "},{"result":{"duration":44878900,"status":"passed"},"line":32,"name":"User clicks on Login button","match":{"location":"step_definitions.Login.user_clicks_on_login_button()"},"keyword":"And "},{"result":{"error_message":"org.openqa.selenium.NoSuchElementException: no such element: Unable to locate element: {\"method\":\"link text\",\"selector\":\"Logout\"}\n  (Session info: chrome=135.0.7049.96)\nFor documentation on this error, please visit: https://www.selenium.dev/documentation/webdriver/troubleshooting/errors#no-such-element-exception\nBuild info: version: '4.31.0', revision: '1ef9f18787*'\nSystem info: os.name: 'Windows 11', os.arch: 'amd64', os.version: '10.0', java.version: '17.0.4.1'\nDriver info: org.openqa.selenium.chrome.ChromeDriver\nCommand: [613d0cee96e7d66fa187f253f7df6a5b, findElement {using=link text, value=Logout}]\nCapabilities {acceptInsecureCerts: false, browserName: chrome, browserVersion: 135.0.7049.96, chrome: {chromedriverVersion: 135.0.7049.97 (b41307079c9b..., userDataDir: C:\\Users\\autom\\AppData\\Loca...}, fedcm:accounts: true, goog:chromeOptions: {debuggerAddress: localhost:19272}, networkConnectionEnabled: false, pageLoadStrategy: normal, platformName: windows, proxy: Proxy(), se:cdp: ws://localhost:19272/devtoo..., se:cdpVersion: 135.0.7049.96, setWindowRect: true, strictFileInteractability: false, timeouts: {implicit: 0, pageLoad: 300000, script: 30000}, unhandledPromptBehavior: dismiss and notify, webauthn:extension:credBlob: true, webauthn:extension:largeBlob: true, webauthn:extension:minPinLength: true, webauthn:extension:prf: true, webauthn:virtualAuthenticators: true}\nSession ID: 613d0cee96e7d66fa187f253f7df6a5b\r\n\tat java.base/jdk.internal.reflect.NativeConstructorAccessorImpl.newInstance0(Native Method)\r\n\tat java.base/jdk.internal.reflect.NativeConstructorAccessorImpl.newInstance(NativeConstructorAccessorImpl.java:77)\r\n\tat java.base/jdk.internal.reflect.DelegatingConstructorAccessorImpl.newInstance(DelegatingConstructorAccessorImpl.java:45)\r\n\tat java.base/java.lang.reflect.Constructor.newInstanceWithCaller(Constructor.java:499)\r\n\tat java.base/java.lang.reflect.Constructor.newInstance(Constructor.java:480)\r\n\tat org.openqa.selenium.remote.ErrorCodec.decode(ErrorCodec.java:167)\r\n\tat org.openqa.selenium.remote.codec.w3c.W3CHttpResponseCodec.decode(W3CHttpResponseCodec.java:138)\r\n\tat org.openqa.selenium.remote.codec.w3c.W3CHttpResponseCodec.decode(W3CHttpResponseCodec.java:50)\r\n\tat org.openqa.selenium.remote.HttpCommandExecutor.execute(HttpCommandExecutor.java:215)\r\n\tat org.openqa.selenium.remote.service.DriverCommandExecutor.invokeExecute(DriverCommandExecutor.java:216)\r\n\tat org.openqa.selenium.remote.service.DriverCommandExecutor.execute(DriverCommandExecutor.java:174)\r\n\tat org.openqa.selenium.remote.RemoteWebDriver.execute(RemoteWebDriver.java:545)\r\n\tat org.openqa.selenium.remote.ElementLocation$ElementFinder$2.findElement(ElementLocation.java:165)\r\n\tat org.openqa.selenium.remote.ElementLocation.findElement(ElementLocation.java:59)\r\n\tat org.openqa.selenium.remote.RemoteWebDriver.findElement(RemoteWebDriver.java:368)\r\n\tat org.openqa.selenium.remote.RemoteWebDriver.findElement(RemoteWebDriver.java:362)\r\n\tat step_definitions.Login.user_is_redirected_to_accountPage(Login.java:57)\r\n\tat ✽.User is re-directed to AccountPage(file:///C:/Users/autom/eclipse-workspace/BDD_CUCUMBER_LEARNING_PnT_Jan_May_2025/src/test/resources/feature_files/Login.feature:33)\r\n","duration":910704600,"status":"failed"},"line":33,"name":"User is re-directed to AccountPage","match":{"location":"step_definitions.Login.user_is_redirected_to_accountPage()"},"keyword":"Then "}],"tags":[{"name":"@LoginFunctionality"},{"name":"@ValidCredentials"}]},{"line":26,"name":"Given User navigates to LoginPage","description":"","type":"background","keyword":"Background","steps":[]},{"start_timestamp":"2025-04-23T00:58:54.694Z","before":[{"result":{"duration":4249319100,"status":"passed"},"match":{"location":"step_definitions.Login.loginSetup()"}}],"line":39,"name":"Login with valid credentials","description":"","id":"testing-login-functionality-of-tutorialsninja-application;login-with-valid-credentials;;5","after":[{"result":{"duration":113819400,"status":"passed"},"match":{"location":"step_definitions.Login.teardown()"}}],"type":"scenario","keyword":"Scenario Outline","steps":[{"result":{"duration":51558900,"status":"passed"},"line":30,"name":"User enters valid email seleniumpanda3@gmail.com into email textBox","match":{"arguments":[{"val":"seleniumpanda3@gmail.com","offset":24}],"location":"step_definitions.Login.user_enters_valid_email(java.lang.String)"},"keyword":"When "},{"result":{"duration":36079400,"status":"passed"},"line":31,"name":"User enters valid password Selenium@123 into password textBox","match":{"arguments":[{"val":"Selenium@123","offset":27}],"location":"step_definitions.Login.user_enters_valid_password(java.lang.String)"},"keyword":"And "},{"result":{"duration":1242415800,"status":"passed"},"line":32,"name":"User clicks on Login button","match":{"location":"step_definitions.Login.user_clicks_on_login_button()"},"keyword":"And "},{"result":{"duration":49232600,"status":"passed"},"line":33,"name":"User is re-directed to AccountPage","match":{"location":"step_definitions.Login.user_is_redirected_to_accountPage()"},"keyword":"Then "}],"tags":[{"name":"@LoginFunctionality"},{"name":"@ValidCredentials"}]},{"line":26,"name":"Given User navigates to LoginPage","description":"","type":"background","keyword":"Background","steps":[]},{"start_timestamp":"2025-04-23T00:59:00.441Z","before":[{"result":{"duration":3890028500,"status":"passed"},"match":{"location":"step_definitions.Login.loginSetup()"}}],"line":40,"name":"Login with valid credentials","description":"","id":"testing-login-functionality-of-tutorialsninja-application;login-with-valid-credentials;;6","after":[{"result":{"duration":129592600,"status":"passed"},"match":{"location":"step_definitions.Login.teardown()"}}],"type":"scenario","keyword":"Scenario Outline","steps":[{"result":{"duration":73880500,"status":"passed"},"line":30,"name":"User enters valid email seleniumpanda4@gmail.com into email textBox","match":{"arguments":[{"val":"seleniumpanda4@gmail.com","offset":24}],"location":"step_definitions.Login.user_enters_valid_email(java.lang.String)"},"keyword":"When "},{"result":{"duration":48401600,"status":"passed"},"line":31,"name":"User enters valid password Selenium@123 into password textBox","match":{"arguments":[{"val":"Selenium@123","offset":27}],"location":"step_definitions.Login.user_enters_valid_password(java.lang.String)"},"keyword":"And "},{"result":{"duration":52792100,"status":"passed"},"line":32,"name":"User clicks on Login button","match":{"location":"step_definitions.Login.user_clicks_on_login_button()"},"keyword":"And "},{"result":{"duration":1259768600,"status":"passed"},"line":33,"name":"User is re-directed to AccountPage","match":{"location":"step_definitions.Login.user_is_redirected_to_accountPage()"},"keyword":"Then "}],"tags":[{"name":"@LoginFunctionality"},{"name":"@ValidCredentials"}]}],"name":"Testing Login functionality of TutorialsNinja application","description":"","id":"testing-login-functionality-of-tutorialsninja-application","keyword":"Feature","uri":"file:src/test/resources/feature_files/Login.feature","tags":[{"name":"@LoginFunctionality","type":"Tag","location":{"line":23,"column":1}}]}]